<?xml version="1.0" encoding="UTF-8"?>
<!-- Generated by org.testng.reporters.JUnitReportReporter -->
<testsuite hostname="LP-5CD138BJL2" failures="0" tests="2" name="web.test.PrelemSearchServices.PrelemSuggestiveSearchServiceTest" time="1.215" errors="0" timestamp="16 Feb 2022 12:26:28 GMT" skipped="0">
  <testcase classname="web.test.PrelemSearchServices.PrelemSuggestiveSearchServiceTest" name="VerifySuggestiveSearchResponseStatus" time="0.551"/>
  <testcase classname="web.test.PrelemSearchServices.PrelemSuggestiveSearchServiceTest" name="VerifyFieldsOfTopNavNotNull" time="0.664"/>
</testsuite> <!-- web.test.PrelemSearchServices.PrelemSuggestiveSearchServiceTest -->
