<?xml version="1.0" encoding="UTF-8"?>
<!-- Generated by org.testng.reporters.JUnitReportReporter -->
<testsuite hostname="LP-5CD138BJL2" failures="0" tests="1" name="web.test.faqServices.FaqServiceTest" time="5.581" errors="0" timestamp="10 Feb 2022 10:40:22 GMT" skipped="0">
  <testcase classname="web.test.faqServices.FaqServiceTest" name="VerifyFaqResponseStatus" time="5.581"/>
</testsuite> <!-- web.test.faqServices.FaqServiceTest -->
