<?xml version="1.0" encoding="UTF-8"?>
<!-- Generated by org.testng.reporters.JUnitReportReporter -->
<testsuite hostname="LP-5CD138BJL2" failures="0" tests="2" name="web.test.PrelemSearchServices.LayoutSearchServiceTest" time="1.465" errors="0" timestamp="16 Feb 2022 12:26:28 GMT" skipped="0">
  <testcase classname="web.test.PrelemSearchServices.LayoutSearchServiceTest" name="VerifylayoutSearchResponseStatus" time="0.771"/>
  <testcase classname="web.test.PrelemSearchServices.LayoutSearchServiceTest" name="VerifylayoutSearchFieldsNotNull" time="0.694"/>
</testsuite> <!-- web.test.PrelemSearchServices.LayoutSearchServiceTest -->
