<?xml version="1.0" encoding="UTF-8"?>
<!-- Generated by org.testng.reporters.JUnitReportReporter -->
<testsuite hostname="LP-5CD138BJL2" failures="0" tests="2" name="api.test.PrelemSearchServices.PrelemInfoServiceTest" time="1.391" errors="0" timestamp="24 Feb 2022 11:20:21 GMT" skipped="0">
  <testcase classname="api.test.PrelemSearchServices.PrelemInfoServiceTest" name="VerifyPrelemInfoResponseStatus" time="0.642"/>
  <testcase classname="api.test.PrelemSearchServices.PrelemInfoServiceTest" name="VerifyPrelemInfoFieldsNotNull" time="0.749"/>
</testsuite> <!-- api.test.PrelemSearchServices.PrelemInfoServiceTest -->
