<?xml version="1.0" encoding="UTF-8"?>
<!-- Generated by org.testng.reporters.JUnitReportReporter -->
<testsuite hostname="LP-5CD138BJL2" failures="0" tests="2" name="api.test.PrelemSearchServices.LayoutSearchServiceTest" time="1.473" errors="0" timestamp="24 Feb 2022 11:20:21 GMT" skipped="0">
  <testcase classname="api.test.PrelemSearchServices.LayoutSearchServiceTest" name="VerifylayoutSearchResponseStatus" time="0.742"/>
  <testcase classname="api.test.PrelemSearchServices.LayoutSearchServiceTest" name="VerifylayoutSearchFieldsNotNull" time="0.731"/>
</testsuite> <!-- api.test.PrelemSearchServices.LayoutSearchServiceTest -->
