<?xml version="1.0" encoding="UTF-8"?>
<!-- Generated by org.testng.reporters.JUnitReportReporter -->
<testsuite hostname="LP-5CG131BDX3" name="com.test.automation.WozaGeleza.TestBase.TestBase" tests="1" failures="0" timestamp="9 Nov 2021 07:19:23 GMT" time="26.091" errors="0">
  <testcase name="init" time="26.091" classname="com.test.automation.WozaGeleza.TestBase.TestBase"/>
</testsuite> <!-- com.test.automation.WozaGeleza.TestBase.TestBase -->
