<?xml version="1.0" encoding="UTF-8"?>
<!-- Generated by org.testng.reporters.JUnitReportReporter -->
<testsuite hostname="LP-5CD138BJL2" failures="0" tests="2" name="api.test.PrelemSearchServices.PrelemSuggestiveSearchServiceTest" time="1.257" errors="0" timestamp="24 Feb 2022 11:20:21 GMT" skipped="0">
  <testcase classname="api.test.PrelemSearchServices.PrelemSuggestiveSearchServiceTest" name="VerifySuggestiveSearchResponseStatus" time="0.594"/>
  <testcase classname="api.test.PrelemSearchServices.PrelemSuggestiveSearchServiceTest" name="VerifyFieldsOfTopNavNotNull" time="0.663"/>
</testsuite> <!-- api.test.PrelemSearchServices.PrelemSuggestiveSearchServiceTest -->
