<?xml version="1.0" encoding="UTF-8"?>
<!-- Generated by org.testng.reporters.JUnitReportReporter -->
<testsuite hostname="LP-5CG131BDX3" name="com.test.automation.WozaGeleza.ICTPage.TC001_VerifyICTPage" tests="9" failures="0" timestamp="23 Dec 2021 08:45:33 GMT" time="7.415" errors="0">
  <testcase name="VerifyICTPageImage" time="0.485" classname="com.test.automation.WozaGeleza.ICTPage.TC001_VerifyICTPage"/>
  <testcase name="VerifyICTPageVisitButton" time="0.255" classname="com.test.automation.WozaGeleza.ICTPage.TC001_VerifyICTPage"/>
  <testcase name="VerifyICTPageVisitButtonArrow" time="0.288" classname="com.test.automation.WozaGeleza.ICTPage.TC001_VerifyICTPage"/>
  <testcase name="VerifyBackToHome" time="1.492" classname="com.test.automation.WozaGeleza.ICTPage.TC001_VerifyICTPage"/>
  <testcase name="VerifyICTPageTitle" time="0.160" classname="com.test.automation.WozaGeleza.ICTPage.TC001_VerifyICTPage"/>
  <testcase name="VerifyICTPageCardUrl" time="0.231" classname="com.test.automation.WozaGeleza.ICTPage.TC001_VerifyICTPage"/>
  <testcase name="VerifyICTPageCardDescrp" time="0.251" classname="com.test.automation.WozaGeleza.ICTPage.TC001_VerifyICTPage"/>
  <testcase name="VerifyICTPageCardTitle" time="0.401" classname="com.test.automation.WozaGeleza.ICTPage.TC001_VerifyICTPage"/>
  <testcase name="VerifyICTPage" time="3.852" classname="com.test.automation.WozaGeleza.ICTPage.TC001_VerifyICTPage"/>
</testsuite> <!-- com.test.automation.WozaGeleza.ICTPage.TC001_VerifyICTPage -->
