<?xml version="1.0" encoding="UTF-8"?>
<!-- Generated by org.testng.reporters.JUnitReportReporter -->
<testsuite hostname="LP-5CD138BJL2" failures="0" tests="2" name="web.test.PrelemSearchServices.TopNavigationServiceTest" time="6.327" errors="0" timestamp="16 Feb 2022 12:26:28 GMT" skipped="0">
  <testcase classname="web.test.PrelemSearchServices.TopNavigationServiceTest" name="VerifyTopNavResponseStatus" time="4.232"/>
  <testcase classname="web.test.PrelemSearchServices.TopNavigationServiceTest" name="VerifyFieldsOfTopNavNotNull" time="2.095"/>
</testsuite> <!-- web.test.PrelemSearchServices.TopNavigationServiceTest -->
