<?xml version="1.0" encoding="UTF-8"?>
<!-- Generated by org.testng.reporters.JUnitReportReporter -->
<testsuite hostname="LP-5CG131BDX3" name="com.test.automation.WozaGeleza.Header.TC001_VerifyHeader" tests="6" failures="0" timestamp="20 Dec 2021 11:51:33 GMT" time="2.731" errors="0">
  <testcase name="VerifyLoinHeader" time="0.159" classname="com.test.automation.WozaGeleza.Header.TC001_VerifyHeader"/>
  <testcase name="VerifyLogoHeader" time="1.753" classname="com.test.automation.WozaGeleza.Header.TC001_VerifyHeader"/>
  <testcase name="VerifyFAQHeader" time="0.338" classname="com.test.automation.WozaGeleza.Header.TC001_VerifyHeader"/>
  <testcase name="VerifyEducationHeader" time="0.228" classname="com.test.automation.WozaGeleza.Header.TC001_VerifyHeader"/>
  <testcase name="VerifyNoticeBoardHeader" time="0.140" classname="com.test.automation.WozaGeleza.Header.TC001_VerifyHeader"/>
  <testcase name="VerifyHelpHeader" time="0.113" classname="com.test.automation.WozaGeleza.Header.TC001_VerifyHeader"/>
</testsuite> <!-- com.test.automation.WozaGeleza.Header.TC001_VerifyHeader -->
