<?xml version="1.0" encoding="UTF-8"?>
<!-- Generated by org.testng.reporters.JUnitReportReporter -->
<testsuite hostname="LP-5CD138BJL2" failures="0" tests="2" name="web.test.PrelemSearchServices.PrelemInfoServiceTest" time="1.490" errors="0" timestamp="16 Feb 2022 12:26:28 GMT" skipped="0">
  <testcase classname="web.test.PrelemSearchServices.PrelemInfoServiceTest" name="VerifyPrelemInfoResponseStatus" time="0.659"/>
  <testcase classname="web.test.PrelemSearchServices.PrelemInfoServiceTest" name="VerifyPrelemInfoFieldsNotNull" time="0.831"/>
</testsuite> <!-- web.test.PrelemSearchServices.PrelemInfoServiceTest -->
