<?xml version="1.0" encoding="UTF-8"?>
<!-- Generated by org.testng.reporters.JUnitReportReporter -->
<testsuite hostname="LP-5CD138BJL2" failures="0" tests="1" name="web.test.PrelemSearch.PrelemSearchTest" time="26.393" errors="0" timestamp="24 Feb 2022 13:30:45 GMT" skipped="0">
  <testcase classname="web.test.PrelemSearch.PrelemSearchTest" name="VerifyPrelemSearchErrorMessage" time="26.393"/>
</testsuite> <!-- web.test.PrelemSearch.PrelemSearchTest -->
