<?xml version="1.0" encoding="UTF-8"?>
<!-- Generated by org.testng.reporters.JUnitReportReporter -->
<testsuite hostname="LP-5CD138BJL2" failures="0" tests="3" name="web.test.PrelemMoveUpDown.PrelemMoveUpDownTest" time="92.024" errors="0" timestamp="24 Feb 2022 13:29:56 GMT" skipped="0">
  <testcase classname="web.test.PrelemMoveUpDown.PrelemMoveUpDownTest" name="VerifyPrelemUpDownIconWhenOnePrelemExists" time="26.389"/>
  <testcase classname="web.test.PrelemMoveUpDown.PrelemMoveUpDownTest" name="VerifyPrelemUpDownIconsWhenTwoPrelemExists" time="32.428"/>
  <testcase classname="web.test.PrelemMoveUpDown.PrelemMoveUpDownTest" name="VerifyPrelemUpDownIconsWhenThreePrelemExists" time="33.207"/>
</testsuite> <!-- web.test.PrelemMoveUpDown.PrelemMoveUpDownTest -->
