<?xml version="1.0" encoding="UTF-8"?>
<!-- Generated by org.testng.reporters.JUnitReportReporter -->
<testsuite hostname="LP-5CG131BDX3" name="com.test.auromation.WozaGeleza.PrivacyPolicy.TC_001_VerifyPrivacyPolicy" tests="4" failures="0" timestamp="18 Nov 2021 09:35:24 GMT" time="7.349" errors="0">
  <testcase name="VerifyPrivcayPolicyDate" time="0.124" classname="com.test.auromation.WozaGeleza.PrivacyPolicy.TC_001_VerifyPrivacyPolicy"/>
  <testcase name="VerifyPrivcayPolicyDesp" time="0.593" classname="com.test.auromation.WozaGeleza.PrivacyPolicy.TC_001_VerifyPrivacyPolicy"/>
  <testcase name="VerifyPrivcayPolicyTitle" time="1.261" classname="com.test.auromation.WozaGeleza.PrivacyPolicy.TC_001_VerifyPrivacyPolicy"/>
  <testcase name="VerifyPrivcayPolicyPage" time="5.371" classname="com.test.auromation.WozaGeleza.PrivacyPolicy.TC_001_VerifyPrivacyPolicy"/>
</testsuite> <!-- com.test.auromation.WozaGeleza.PrivacyPolicy.TC_001_VerifyPrivacyPolicy -->
