<?xml version="1.0" encoding="UTF-8"?>
<!-- Generated by org.testng.reporters.JUnitReportReporter -->
<testsuite hostname="LP-5CD138BJL2" failures="0" tests="2" name="api.test.PrelemSearchServices.PrelemPreviewServiceTest" time="1.494" errors="0" timestamp="24 Feb 2022 11:20:21 GMT" skipped="0">
  <testcase classname="api.test.PrelemSearchServices.PrelemPreviewServiceTest" name="VerifyPrelemPreviewResponseStatus" time="0.738"/>
  <testcase classname="api.test.PrelemSearchServices.PrelemPreviewServiceTest" name="VerifyPrelemPreviewFieldsNotNull" time="0.756"/>
</testsuite> <!-- api.test.PrelemSearchServices.PrelemPreviewServiceTest -->
