<?xml version="1.0" encoding="UTF-8"?>
<!-- Generated by org.testng.reporters.JUnitReportReporter -->
<testsuite hostname="LP-5CG131BDX3" name="com.test.automation.WozaGeleza.Header.TC001_VerifyLoginScreen" tests="3" failures="0" timestamp="11 Nov 2021 13:03:03 GMT" time="4.152" errors="0">
  <testcase name="VerifyLoginPageTitle" time="0.167" classname="com.test.automation.WozaGeleza.Header.TC001_VerifyLoginScreen"/>
  <testcase name="VerifyValidUsernameValidPassword" time="1.187" classname="com.test.automation.WozaGeleza.Header.TC001_VerifyLoginScreen"/>
  <testcase name="VerifyLoginPageLogo" time="2.798" classname="com.test.automation.WozaGeleza.Header.TC001_VerifyLoginScreen"/>
</testsuite> <!-- com.test.automation.WozaGeleza.Header.TC001_VerifyLoginScreen -->
