<?xml version="1.0" encoding="UTF-8"?>
<!-- Generated by org.testng.reporters.JUnitReportReporter -->
<testsuite hostname="LP-5CG131BDX3" name="com.test.automation.WozaGeleza.HomePage.TC_001_VerifyLetsLearnTogether" tests="23" failures="0" timestamp="17 Nov 2021 12:20:04 GMT" time="143.303" errors="0">
  <testcase name="VerifyletsLearnTogetherDBEButton" time="81.795" classname="com.test.automation.WozaGeleza.HomePage.TC_001_VerifyLetsLearnTogether"/>
  <testcase name="VerifyletsLearnTogetherIctButton" time="0.232" classname="com.test.automation.WozaGeleza.HomePage.TC_001_VerifyLetsLearnTogether"/>
  <testcase name="VerifyNoticeBoardTitle" time="1.945" classname="com.test.automation.WozaGeleza.HomePage.TC_001_VerifyLetsLearnTogether"/>
  <testcase name="VerifyMotivationalQuote" time="1.856" classname="com.test.automation.WozaGeleza.HomePage.TC_001_VerifyLetsLearnTogether"/>
  <testcase name="VerifyAbtOurContentDesc" time="0.179" classname="com.test.automation.WozaGeleza.HomePage.TC_001_VerifyLetsLearnTogether"/>
  <testcase name="VerifySchoolMgntLearnMoreButton" time="10.815" classname="com.test.automation.WozaGeleza.HomePage.TC_001_VerifyLetsLearnTogether"/>
  <testcase name="VerifyWrkingTogthrDesc" time="0.191" classname="com.test.automation.WozaGeleza.HomePage.TC_001_VerifyLetsLearnTogether"/>
  <testcase name="VerifyTeachersAndEducatorsDesc" time="0.206" classname="com.test.automation.WozaGeleza.HomePage.TC_001_VerifyLetsLearnTogether"/>
  <testcase name="VerifyNoticeBoardButton" time="5.549" classname="com.test.automation.WozaGeleza.HomePage.TC_001_VerifyLetsLearnTogether"/>
  <testcase name="VerifyTeachersAndEducatorsTitle" time="1.388" classname="com.test.automation.WozaGeleza.HomePage.TC_001_VerifyLetsLearnTogether"/>
  <testcase name="VerifyLetsLearnTogetherTitle" time="2.116" classname="com.test.automation.WozaGeleza.HomePage.TC_001_VerifyLetsLearnTogether"/>
  <testcase name="VerifyLearnersStudentYouthDescription" time="0.189" classname="com.test.automation.WozaGeleza.HomePage.TC_001_VerifyLetsLearnTogether"/>
  <testcase name="VerifyAbtOurContentTitle" time="0.242" classname="com.test.automation.WozaGeleza.HomePage.TC_001_VerifyLetsLearnTogether"/>
  <testcase name="VerifySchoolMgntTitle" time="0.187" classname="com.test.automation.WozaGeleza.HomePage.TC_001_VerifyLetsLearnTogether"/>
  <testcase name="VerifyLearnersStudentYouthLearnMoreButton" time="5.617" classname="com.test.automation.WozaGeleza.HomePage.TC_001_VerifyLetsLearnTogether"/>
  <testcase name="VerifyWrkingTogthrLearnButton" time="22.795" classname="com.test.automation.WozaGeleza.HomePage.TC_001_VerifyLetsLearnTogether"/>
  <testcase name="VerifySchoolMgntDesc" time="0.124" classname="com.test.automation.WozaGeleza.HomePage.TC_001_VerifyLetsLearnTogether"/>
  <testcase name="VerifyLearnersStudentYouthTitle" time="1.336" classname="com.test.automation.WozaGeleza.HomePage.TC_001_VerifyLetsLearnTogether"/>
  <testcase name="VerifyWrkingTogthrTitle" time="0.228" classname="com.test.automation.WozaGeleza.HomePage.TC_001_VerifyLetsLearnTogether"/>
  <testcase name="VerifyLetsLearnTogetherDesc" time="0.156" classname="com.test.automation.WozaGeleza.HomePage.TC_001_VerifyLetsLearnTogether"/>
  <testcase name="VerifyTeachersAndEducatorsLearnMoreButton" time="5.462" classname="com.test.automation.WozaGeleza.HomePage.TC_001_VerifyLetsLearnTogether"/>
  <testcase name="VerifyMotivationalQuoteName" time="0.189" classname="com.test.automation.WozaGeleza.HomePage.TC_001_VerifyLetsLearnTogether"/>
  <testcase name="VerifyNoticeBoardDesc" time="0.506" classname="com.test.automation.WozaGeleza.HomePage.TC_001_VerifyLetsLearnTogether"/>
</testsuite> <!-- com.test.automation.WozaGeleza.HomePage.TC_001_VerifyLetsLearnTogether -->
