<?xml version="1.0" encoding="UTF-8"?>
<!-- Generated by org.testng.reporters.JUnitReportReporter -->
<testsuite hostname="LP-5CG131BDX3" name="com.test.automation.WozaGeleza.HomePage.TC002_VerifyLoginScreen" tests="2" failures="0" timestamp="11 Nov 2021 05:41:20 GMT" time="121.867" errors="0">
  <testcase name="VerifyLoginPageLogo" time="121.737" classname="com.test.automation.WozaGeleza.HomePage.TC002_VerifyLoginScreen"/>
  <testcase name="VerifyLoginPageTitle" time="0.130" classname="com.test.automation.WozaGeleza.HomePage.TC002_VerifyLoginScreen"/>
</testsuite> <!-- com.test.automation.WozaGeleza.HomePage.TC002_VerifyLoginScreen -->
