<?xml version="1.0" encoding="UTF-8"?>
<!-- Generated by org.testng.reporters.JUnitReportReporter -->
<testsuite hostname="LP-5CG131BDX3" name="com.test.automation.WozaGeleza.Footer.TC001_VerifyFooter" tests="10" failures="0" timestamp="20 Dec 2021 05:15:12 GMT" time="33.211" errors="0">
  <testcase name="VerifyTwitterlink" time="1.922" classname="com.test.automation.WozaGeleza.Footer.TC001_VerifyFooter"/>
  <testcase name="VerifyPrivacyPolicyLink" time="11.339" classname="com.test.automation.WozaGeleza.Footer.TC001_VerifyFooter"/>
  <testcase name="VerifyFacebooklink" time="3.539" classname="com.test.automation.WozaGeleza.Footer.TC001_VerifyFooter"/>
  <testcase name="VerifyAAText" time="0.177" classname="com.test.automation.WozaGeleza.Footer.TC001_VerifyFooter"/>
  <testcase name="VerifyLinkedinlink" time="3.456" classname="com.test.automation.WozaGeleza.Footer.TC001_VerifyFooter"/>
  <testcase name="VerifyTermOfUselink" time="10.161" classname="com.test.automation.WozaGeleza.Footer.TC001_VerifyFooter"/>
  <testcase name="VerifySponsoredText" time="0.325" classname="com.test.automation.WozaGeleza.Footer.TC001_VerifyFooter"/>
  <testcase name="VerifyInstagramlink" time="2.109" classname="com.test.automation.WozaGeleza.Footer.TC001_VerifyFooter"/>
  <testcase name="VerifyTermOfUseText" time="0.088" classname="com.test.automation.WozaGeleza.Footer.TC001_VerifyFooter"/>
  <testcase name="VerifyPrivacyPolicyText" time="0.095" classname="com.test.automation.WozaGeleza.Footer.TC001_VerifyFooter"/>
</testsuite> <!-- com.test.automation.WozaGeleza.Footer.TC001_VerifyFooter -->
