<?xml version="1.0" encoding="UTF-8"?>
<!-- Generated by org.testng.reporters.JUnitReportReporter -->
<testsuite hostname="LP-5CG131BDX3" name="com.test.automation.WozaGeleza.PrivacyPolicy.TC_001_VerifyPrivacyPolicy" tests="4" failures="0" timestamp="15 Dec 2021 04:07:44 GMT" time="7.245" errors="0">
  <testcase name="VerifyPrivcayPolicyTitle" time="0.093" classname="com.test.automation.WozaGeleza.PrivacyPolicy.TC_001_VerifyPrivacyPolicy"/>
  <testcase name="VerifyPrivcayPolicyDesp" time="0.286" classname="com.test.automation.WozaGeleza.PrivacyPolicy.TC_001_VerifyPrivacyPolicy"/>
  <testcase name="VerifyPrivcayPolicyPage" time="6.793" classname="com.test.automation.WozaGeleza.PrivacyPolicy.TC_001_VerifyPrivacyPolicy"/>
  <testcase name="VerifyPrivcayPolicyDate" time="0.073" classname="com.test.automation.WozaGeleza.PrivacyPolicy.TC_001_VerifyPrivacyPolicy"/>
</testsuite> <!-- com.test.automation.WozaGeleza.PrivacyPolicy.TC_001_VerifyPrivacyPolicy -->
