<?xml version="1.0" encoding="UTF-8"?>
<!-- Generated by org.testng.reporters.JUnitReportReporter -->
<testsuite hostname="LP-5CG131BDX3" name="TermsPage.TermsPage" tests="1" failures="0" timestamp="2 Dec 2021 11:09:13 GMT" time="44.486" errors="0">
  <testcase name="Test1" time="44.486" classname="TermsPage.TermsPage"/>
</testsuite> <!-- TermsPage.TermsPage -->
