<?xml version="1.0" encoding="UTF-8"?>
<!-- Generated by org.testng.reporters.JUnitReportReporter -->
<testsuite hostname="LP-5CD138BJL2" failures="0" tests="2" name="api.test.PrelemSearchServices.TopNavigationServiceTest" time="1.805" errors="0" timestamp="24 Feb 2022 11:20:21 GMT" skipped="0">
  <testcase classname="api.test.PrelemSearchServices.TopNavigationServiceTest" name="VerifyTopNavResponseStatus" time="0.639"/>
  <testcase classname="api.test.PrelemSearchServices.TopNavigationServiceTest" name="VerifyFieldsOfTopNavNotNull" time="1.166"/>
</testsuite> <!-- api.test.PrelemSearchServices.TopNavigationServiceTest -->
