<?xml version="1.0" encoding="UTF-8"?>
<!-- Generated by org.testng.reporters.JUnitReportReporter -->
<testsuite hostname="LP-5CG131BDX3" name="AngloAmerica.AngloAmerica" tests="1" failures="0" timestamp="9 Nov 2021 04:45:32 GMT" time="0.024" errors="0">
  <testcase name="test" time="0.024" classname="AngloAmerica.AngloAmerica"/>
</testsuite> <!-- AngloAmerica.AngloAmerica -->
