<?xml version="1.0" encoding="UTF-8"?>
<!-- Generated by org.testng.reporters.JUnitReportReporter -->
<testsuite hostname="LP-5CD138BJL2" failures="0" tests="2" name="api.test.PrelemSearchServices.AllLayoutsServiceTest" time="5.636" errors="0" timestamp="24 Feb 2022 11:20:21 GMT" skipped="0">
  <testcase classname="api.test.PrelemSearchServices.AllLayoutsServiceTest" name="VerifyAlllayoutsResponseStatus" time="3.877"/>
  <testcase classname="api.test.PrelemSearchServices.AllLayoutsServiceTest" name="VerifyAllLayoutsFieldsNotNull" time="1.759"/>
</testsuite> <!-- api.test.PrelemSearchServices.AllLayoutsServiceTest -->
